Determining if the pthread_create exist failed with the following output:
Change Dir: /home/graves/build/CMakeFiles/CMakeTmp

Run Build Command:"/usr/bin/make" "cmTC_4694d/fast"
/usr/bin/make -f CMakeFiles/cmTC_4694d.dir/build.make CMakeFiles/cmTC_4694d.dir/build
make[1]: Entering directory '/home/graves/build/CMakeFiles/CMakeTmp'
Building C object CMakeFiles/cmTC_4694d.dir/CheckSymbolExists.c.o
/usr/bin/cc     -o CMakeFiles/cmTC_4694d.dir/CheckSymbolExists.c.o   -c /home/graves/build/CMakeFiles/CMakeTmp/CheckSymbolExists.c
Linking C executable cmTC_4694d
/usr/bin/cmake -E cmake_link_script CMakeFiles/cmTC_4694d.dir/link.txt --verbose=1
/usr/bin/cc       CMakeFiles/cmTC_4694d.dir/CheckSymbolExists.c.o  -o cmTC_4694d -rdynamic 
CMakeFiles/cmTC_4694d.dir/CheckSymbolExists.c.o: In function `main':
CheckSymbolExists.c:(.text+0x1b): undefined reference to `pthread_create'
collect2: error: ld returned 1 exit status
CMakeFiles/cmTC_4694d.dir/build.make:97: recipe for target 'cmTC_4694d' failed
make[1]: *** [cmTC_4694d] Error 1
make[1]: Leaving directory '/home/graves/build/CMakeFiles/CMakeTmp'
Makefile:126: recipe for target 'cmTC_4694d/fast' failed
make: *** [cmTC_4694d/fast] Error 2

File /home/graves/build/CMakeFiles/CMakeTmp/CheckSymbolExists.c:
/* */
#include <pthread.h>

int main(int argc, char** argv)
{
  (void)argv;
#ifndef pthread_create
  return ((int*)(&pthread_create))[argc];
#else
  (void)argc;
  return 0;
#endif
}

Determining if the function pthread_create exists in the pthreads failed with the following output:
Change Dir: /home/graves/build/CMakeFiles/CMakeTmp

Run Build Command:"/usr/bin/make" "cmTC_f95b5/fast"
/usr/bin/make -f CMakeFiles/cmTC_f95b5.dir/build.make CMakeFiles/cmTC_f95b5.dir/build
make[1]: Entering directory '/home/graves/build/CMakeFiles/CMakeTmp'
Building C object CMakeFiles/cmTC_f95b5.dir/CheckFunctionExists.c.o
/usr/bin/cc    -DCHECK_FUNCTION_EXISTS=pthread_create   -o CMakeFiles/cmTC_f95b5.dir/CheckFunctionExists.c.o   -c /usr/share/cmake-3.7/Modules/CheckFunctionExists.c
Linking C executable cmTC_f95b5
/usr/bin/cmake -E cmake_link_script CMakeFiles/cmTC_f95b5.dir/link.txt --verbose=1
/usr/bin/cc   -DCHECK_FUNCTION_EXISTS=pthread_create    CMakeFiles/cmTC_f95b5.dir/CheckFunctionExists.c.o  -o cmTC_f95b5 -rdynamic -lpthreads 
/usr/bin/ld: cannot find -lpthreads
collect2: error: ld returned 1 exit status
CMakeFiles/cmTC_f95b5.dir/build.make:97: recipe for target 'cmTC_f95b5' failed
make[1]: *** [cmTC_f95b5] Error 1
make[1]: Leaving directory '/home/graves/build/CMakeFiles/CMakeTmp'
Makefile:126: recipe for target 'cmTC_f95b5/fast' failed
make: *** [cmTC_f95b5/fast] Error 2


